Arguments: 
  /home/nur/.nvm/versions/node/v16.13.2/bin/node /usr/bin/yarn install

PATH: 
  /home/nur/.local/bin:/home/nur/.local/bin:/home/nur/.nvm/versions/node/v16.13.2/bin:/home/nur/.local/bin:/usr/local/sbin:/usr/local/bin:/usr/sbin:/usr/bin:/sbin:/bin:/usr/games:/usr/local/games:/snap/bin

Yarn version: 
  1.22.10

Node version: 
  16.13.2

Platform: 
  linux x64

Trace: 
  SyntaxError: /home/nur/dev_projects/test-db/package.json: Unexpected token } in JSON at position 246
      at JSON.parse (<anonymous>)
      at /usr/lib/node_modules/yarn/lib/cli.js:1625:59
      at Generator.next (<anonymous>)
      at step (/usr/lib/node_modules/yarn/lib/cli.js:310:30)
      at /usr/lib/node_modules/yarn/lib/cli.js:321:13

npm manifest: 
  {
    "devDependencies": {
      "@types/jest": "^27.4.0",
      "@types/node": "^14.11.2",
      "gts": "^3.1.0",
      "jest": "^27.4.7",
      "ts-jest": "^27.1.3",
      "typescript": "^4.0.3",
      "@types/sqlite3": "^3.1.8",
      "jest-diff": "^27.5.0",
    },
    "scripts": {
      "lint": "gts lint",
      "clean": "gts clean",
      "compile": "tsc",
      "fix": "gts fix",
      "prepare": "npm run compile",
      "pretest": "npm run compile",
      "posttest": "npm run lint"
    },
    "dependencies": {
      "sqlite3": "^5.0.2"
    }
  }

yarn manifest: 
  No manifest

Lockfile: 
  No lockfile
